17:27:04 INFO    : Loading Exaile 0.3.2.2... (xl.main)
17:27:04 INFO    : Loading settings... (xl.main)
17:27:07 INFO    : Loading plugins... (xl.main)
17:27:08 INFO    : Loading collection... (xl.main)
17:27:09 INFO    : Loading devices... (xl.main)
17:27:09 WARNING : Failed to connect to HAL, autodetection of devices will be disabled. (xl.hal)
17:27:09 INFO    : Connected to UDisks (xl.hal)
17:27:10 INFO    : Loading interface... (xl.main)
17:27:11 INFO    : Loading main window... (xlgui)
17:27:11 INFO    : Connecting main window events... (xlgui.main)
17:27:12 INFO    : Loading panels... (xlgui)
17:27:12 INFO    : Connecting panel events... (xlgui)
17:27:12 INFO    : Done loading main window... (xlgui)
17:29:20 INFO    : Playing file:///home/wyatt/Music/The%20Best%20Of%20Bob%20Dylan/%E9%B2%8D%E5%8B%83%20%E8%BF%AA%E4%BC%A6(Bob%20Dylan)%20-%20Knockin%20On%20Heavens%20Door.mp3 (xl.player.engine_normal)
17:45:38 INFO    : Playing file:///home/wyatt/Music/The%20Best%20Of%20Bob%20Dylan/%E9%B2%8D%E5%8B%83%20%E8%BF%AA%E4%BC%A6(Bob%20Dylan)%20-%20Blowing%20In%20The%20Wind.mp3 (xl.player.engine_normal)
18:29:14 INFO    : Playing file:///home/wyatt/Music/The%20Best%20Of%20Bob%20Dylan/%E9%B2%8D%E5%8B%83%20%E8%BF%AA%E4%BC%A6(Bob%20Dylan)%20-%20Blowing%20In%20The%20Wind.mp3 (xl.player.engine_normal)
18:32:05 INFO    : Scanning library: file:///home/wyatt/Music (xl.collection)
18:32:06 INFO    : Compilation the best of bob dylan detected in /home/wyatt/Music/The Best Of Bob Dylan (xl.collection)
18:32:14 INFO    : Exaile is shutting down... (xl.main)
18:32:14 INFO    : Disabling plugins... (xl.main)
18:32:14 INFO    : Saving state... (xl.main)
18:32:14 INFO    : Bye! (xl.main)
